<?xml version="1.0" encoding="UTF-8"?>
<!-- Generated by org.testng.reporters.JUnitXMLReporter -->
<testsuite ignored="0" hostname="DESKTOP-VAQKFJ2" failures="1" tests="11" name="Default test" time="72.813" errors="0" timestamp="2024-05-19T20:37:23 IST">
  <testcase classname="qa.com.testSuites.RegisterAccountSuite" name="TC_RF_001_ValidateRegisteringAnAccountByProvidingOnlyMandatoryFields" time="8.679"/>
  <testcase classname="qa.com.testSuites.RegisterAccountSuite" name="TC_RF_002_ValidateRegisteringAnAccountByProvidingAllfieldsDetails" time="8.239"/>
  <testcase classname="qa.com.testSuites.RegisterAccountSuite" name="TC_RF_003_ValidateProperNotificationMessagesAreDisplayedForTheMandatoryFields" time="5.182"/>
  <testcase classname="qa.com.testSuites.RegisterAccountSuite" name="TC_RF_004_ValidateRegisteringAnAccountWhenYesOptionIsSelectedForNewsletterfield" time="6.61"/>
  <testcase classname="qa.com.testSuites.RegisterAccountSuite" name="TC_RF_005_ValidateRegisteringAnAccountWhenNoOptionIsSelectedForNewsletterfield" time="6.597"/>
  <testcase classname="qa.com.testSuites.RegisterAccountSuite" name="TC_RF_006_ValidateDifferentWaysOfNavigatingToRegisterAccountPage" time="2.877"/>
  <testcase classname="qa.com.testSuites.RegisterAccountSuite" name="TC_RF_007" time="10.801">
    <failure type="java.lang.NullPointerException" message="Cannot invoke &amp;quot;org.openqa.selenium.WebDriver.getClass()&amp;quot; because &amp;quot;exceptionDriver&amp;quot; is null">
      <![CDATA[java.lang.NullPointerException: Cannot invoke "org.openqa.selenium.WebDriver.getClass()" because "exceptionDriver" is null
at org.openqa.selenium.support.ui.WebDriverWait.timeoutException(WebDriverWait.java:85)
at org.openqa.selenium.support.ui.FluentWait.until(FluentWait.java:228)
at qa.com.abstractcomponents.ReusableUtilities.waitForElementToBeVisible(ReusableUtilities.java:144)
at qa.com.abstractcomponents.ReusableUtilities.getText_custom(ReusableUtilities.java:89)
at qa.com.pageObjects.RegisterAccountPage.verifyText(RegisterAccountPage.java:154)
at qa.com.pageObjects.RegisterAccountPage.verifyEmailWarningMessage(RegisterAccountPage.java:184)
at qa.com.testSuites.RegisterAccountSuite.TC_RF_007(RegisterAccountSuite.java:261)
at java.base/jdk.internal.reflect.NativeMethodAccessorImpl.invoke0(Native Method)
at java.base/jdk.internal.reflect.NativeMethodAccessorImpl.invoke(NativeMethodAccessorImpl.java:77)
at java.base/jdk.internal.reflect.DelegatingMethodAccessorImpl.invoke(DelegatingMethodAccessorImpl.java:43)
at java.base/java.lang.reflect.Method.invoke(Method.java:568)
at org.testng.internal.MethodInvocationHelper.invokeMethod(MethodInvocationHelper.java:133)
at org.testng.internal.TestInvoker.invokeMethod(TestInvoker.java:584)
at org.testng.internal.TestInvoker.invokeTestMethod(TestInvoker.java:172)
at org.testng.internal.MethodRunner.runInSequence(MethodRunner.java:46)
at org.testng.internal.TestInvoker$MethodInvocationAgent.invoke(TestInvoker.java:804)
at org.testng.internal.TestInvoker.invokeTestMethods(TestInvoker.java:145)
at org.testng.internal.TestMethodWorker.invokeTestMethods(TestMethodWorker.java:146)
at org.testng.internal.TestMethodWorker.run(TestMethodWorker.java:128)
at java.base/java.util.ArrayList.forEach(ArrayList.java:1511)
at org.testng.TestRunner.privateRun(TestRunner.java:770)
at org.testng.TestRunner.run(TestRunner.java:591)
at org.testng.SuiteRunner.runTest(SuiteRunner.java:402)
at org.testng.SuiteRunner.runSequentially(SuiteRunner.java:396)
at org.testng.SuiteRunner.privateRun(SuiteRunner.java:355)
at org.testng.SuiteRunner.run(SuiteRunner.java:304)
at org.testng.SuiteRunnerWorker.runSuite(SuiteRunnerWorker.java:53)
at org.testng.SuiteRunnerWorker.run(SuiteRunnerWorker.java:96)
at org.testng.TestNG.runSuitesSequentially(TestNG.java:1180)
at org.testng.TestNG.runSuitesLocally(TestNG.java:1102)
at org.testng.TestNG.runSuites(TestNG.java:1032)
at org.testng.TestNG.run(TestNG.java:1000)
at org.testng.remote.AbstractRemoteTestNG.run(AbstractRemoteTestNG.java:115)
at org.testng.remote.RemoteTestNG.initAndRun(RemoteTestNG.java:251)
at org.testng.remote.RemoteTestNG.main(RemoteTestNG.java:77)
]]>
    </failure>
  </testcase> <!-- TC_RF_007 -->
  <testcase classname="qa.com.testSuites.RegisterAccountSuite" name="TC_RF_008_ValidateRegisteringAnAccountByProvidingAnInvalidEmailAddresIntoTheEMailfield" time="6.017"/>
  <testcase classname="qa.com.testSuites.RegisterAccountSuite" name="TC_RF_009_ValidateRegisteringAnAccountByUsingKeyboardKeys" time="4.054"/>
  <testcase classname="qa.com.testSuites.RegisterAccountSuite" name="TC_RF_010_ValidateRegisterAccountFieldsPlacehoders" time="2.635"/>
  <testcase classname="qa.com.testSuites.RegisterAccountSuite" name="TC_RF_011_ValidateMandatoryFieldAcceptiongSpacesOnly" time="6.45"/>
</testsuite> <!-- Default test -->
