<html>
<head>
<title>TestNG:  Default test</title>
<link href="../testng.css" rel="stylesheet" type="text/css" />
<link href="../my-testng.css" rel="stylesheet" type="text/css" />

<style type="text/css">
.log { display: none;} 
.stack-trace { display: none;} 
</style>
<script type="text/javascript">
<!--
function flip(e) {
  current = e.style.display;
  if (current == 'block') {
    e.style.display = 'none';
    return 0;
  }
  else {
    e.style.display = 'block';
    return 1;
  }
}

function toggleBox(szDivId, elem, msg1, msg2)
{
  var res = -1;  if (document.getElementById) {
    res = flip(document.getElementById(szDivId));
  }
  else if (document.all) {
    // this is the way old msie versions work
    res = flip(document.all[szDivId]);
  }
  if(elem) {
    if(res == 0) elem.innerHTML = msg1; else elem.innerHTML = msg2;
  }

}

function toggleAllBoxes() {
  if (document.getElementsByTagName) {
    d = document.getElementsByTagName('div');
    for (i = 0; i < d.length; i++) {
      if (d[i].className == 'log') {
        flip(d[i]);
      }
    }
  }
}

// -->
</script>

</head>
<body>
<h2 align='center'>Default test</h2><table border='1' align="center">
<tr>
<td>Tests passed/Failed/Skipped:</td><td>10/1/0</td>
</tr><tr>
<td>Started on:</td><td>Sun May 19 20:36:10 IST 2024</td>
</tr>
<tr><td>Total time:</td><td>72 seconds (72813 ms)</td>
</tr><tr>
<td>Included groups:</td><td></td>
</tr><tr>
<td>Excluded groups:</td><td></td>
</tr>
</table><p/>
<small><i>(Hover the method name to see the test class name)</i></small><p/>
<table width='100%' border='1' class='invocation-failed'>
<tr><td colspan='4' align='center'><b>FAILED TESTS</b></td></tr>
<tr><td><b>Test method</b></td>
<td width="30%"><b>Exception</b></td>
<td width="10%"><b>Time (seconds)</b></td>
<td><b>Instance</b></td>
</tr>
<tr>
<td title='qa.com.testSuites.RegisterAccountSuite.TC_RF_007()'><b>TC_RF_007</b><br>Test class: qa.com.testSuites.RegisterAccountSuite<br>Test method: TC_RF_007_Validate Registering an Account by providing the existing account details (i.e. existing email address)</td>
<td><div><pre>java.lang.NullPointerException: Cannot invoke &quot;org.openqa.selenium.WebDriver.getClass()&quot; because &quot;exceptionDriver&quot; is null
	at org.openqa.selenium.support.ui.WebDriverWait.timeoutException(WebDriverWait.java:85)
	at org.openqa.selenium.support.ui.FluentWait.until(FluentWait.java:228)
	at qa.com.abstractcomponents.ReusableUtilities.waitForElementToBeVisible(ReusableUtilities.java:144)
	at qa.com.abstractcomponents.ReusableUtilities.getText_custom(ReusableUtilities.java:89)
	at qa.com.pageObjects.RegisterAccountPage.verifyText(RegisterAccountPage.java:154)
	at qa.com.pageObjects.RegisterAccountPage.verifyEmailWarningMessage(RegisterAccountPage.java:184)
	at qa.com.testSuites.RegisterAccountSuite.TC_RF_007(RegisterAccountSuite.java:261)
	at java.base/jdk.internal.reflect.NativeMethodAccessorImpl.invoke0(Native Method)
	at java.base/jdk.internal.reflect.NativeMethodAccessorImpl.invoke(NativeMethodAccessorImpl.java:77)
	at java.base/jdk.internal.reflect.DelegatingMethodAccessorImpl.invoke(DelegatingMethodAccessorImpl.java:43)
	at java.base/java.lang.reflect.Method.invoke(Method.java:568)
	at org.testng.internal.MethodInvocationHelper.invokeMethod(MethodInvocationHelper.java:133)
	at org.testng.internal.TestInvoker.invokeMethod(TestInvoker.java:584)
	at org.testng.internal.TestInvoker.invokeTestMethod(TestInvoker.java:172)
	at org.testng.internal.MethodRunner.runInSequence(MethodRunner.java:46)
	at org.testng.internal.TestInvoker$MethodInvocationAgent.invoke(TestInvoker.java:804)
	at org.testng.internal.TestInvoker.invokeTestMethods(TestInvoker.java:145)
	at org.testng.internal.TestMethodWorker.invokeTestMethods(TestMethodWorker.java:146)
	at org.testng.internal.TestMethodWorker.run(TestMethodWorker.java:128)
	at java.base/java.util.ArrayList.forEach(ArrayList.java:1511)
	at org.testng.TestRunner.privateRun(TestRunner.java:770)
	at org.testng.TestRunner.run(TestRunner.java:591)
	at org.testng.SuiteRunner.runTest(SuiteRunner.java:402)
	at org.testng.SuiteRunner.runSequentially(SuiteRunner.java:396)
	at org.testng.SuiteRunner.privateRun(SuiteRunner.java:355)
	at org.testng.SuiteRunner.run(SuiteRunner.java:304)
	at org.testng.SuiteRunnerWorker.runSuite(SuiteRunnerWorker.java:53)
	at org.testng.SuiteRunnerWorker.run(SuiteRunnerWorker.java:96)
	at org.testng.TestNG.runSuitesSequentially(TestNG.java:1180)
	at org.testng.TestNG.runSuitesLocally(TestNG.java:1102)
	at org.testng.TestNG.runSuites(TestNG.java:1032)
	at org.testng.TestNG.run(TestNG.java:1000)
	at org.testng.remote.AbstractRemoteTestNG.run(AbstractRemoteTestNG.java:115)
	at org.testng.remote.RemoteTestNG.initAndRun(RemoteTestNG.java:251)
	at org.testng.remote.RemoteTestNG.main(RemoteTestNG.java:77)
</pre></div><a href='#' onClick='toggleBox("stack-trace574406413", this, "Click to show all stack frames", "Click to hide stack frames")'>Click to show all stack frames</a>
<div class='stack-trace' id='stack-trace574406413'><pre>java.lang.NullPointerException: Cannot invoke &quot;org.openqa.selenium.WebDriver.getClass()&quot; because &quot;exceptionDriver&quot; is null
	at org.openqa.selenium.support.ui.WebDriverWait.timeoutException(WebDriverWait.java:85)
	at org.openqa.selenium.support.ui.FluentWait.until(FluentWait.java:228)
	at qa.com.abstractcomponents.ReusableUtilities.waitForElementToBeVisible(ReusableUtilities.java:144)
	at qa.com.abstractcomponents.ReusableUtilities.getText_custom(ReusableUtilities.java:89)
	at qa.com.pageObjects.RegisterAccountPage.verifyText(RegisterAccountPage.java:154)
	at qa.com.pageObjects.RegisterAccountPage.verifyEmailWarningMessage(RegisterAccountPage.java:184)
	at qa.com.testSuites.RegisterAccountSuite.TC_RF_007(RegisterAccountSuite.java:261)
	at java.base/jdk.internal.reflect.NativeMethodAccessorImpl.invoke0(Native Method)
	at java.base/jdk.internal.reflect.NativeMethodAccessorImpl.invoke(NativeMethodAccessorImpl.java:77)
	at java.base/jdk.internal.reflect.DelegatingMethodAccessorImpl.invoke(DelegatingMethodAccessorImpl.java:43)
	at java.base/java.lang.reflect.Method.invoke(Method.java:568)
	at org.testng.internal.MethodInvocationHelper.invokeMethod(MethodInvocationHelper.java:133)
	at org.testng.internal.TestInvoker.invokeMethod(TestInvoker.java:584)
	at org.testng.internal.TestInvoker.invokeTestMethod(TestInvoker.java:172)
	at org.testng.internal.MethodRunner.runInSequence(MethodRunner.java:46)
	at org.testng.internal.TestInvoker$MethodInvocationAgent.invoke(TestInvoker.java:804)
	at org.testng.internal.TestInvoker.invokeTestMethods(TestInvoker.java:145)
	at org.testng.internal.TestMethodWorker.invokeTestMethods(TestMethodWorker.java:146)
	at org.testng.internal.TestMethodWorker.run(TestMethodWorker.java:128)
	at java.base/java.util.ArrayList.forEach(ArrayList.java:1511)
	at org.testng.TestRunner.privateRun(TestRunner.java:770)
	at org.testng.TestRunner.run(TestRunner.java:591)
	at org.testng.SuiteRunner.runTest(SuiteRunner.java:402)
	at org.testng.SuiteRunner.runSequentially(SuiteRunner.java:396)
	at org.testng.SuiteRunner.privateRun(SuiteRunner.java:355)
	at org.testng.SuiteRunner.run(SuiteRunner.java:304)
	at org.testng.SuiteRunnerWorker.runSuite(SuiteRunnerWorker.java:53)
	at org.testng.SuiteRunnerWorker.run(SuiteRunnerWorker.java:96)
	at org.testng.TestNG.runSuitesSequentially(TestNG.java:1180)
	at org.testng.TestNG.runSuitesLocally(TestNG.java:1102)
	at org.testng.TestNG.runSuites(TestNG.java:1032)
	at org.testng.TestNG.run(TestNG.java:1000)
	at org.testng.remote.AbstractRemoteTestNG.run(AbstractRemoteTestNG.java:115)
	at org.testng.remote.RemoteTestNG.initAndRun(RemoteTestNG.java:251)
	at org.testng.remote.RemoteTestNG.main(RemoteTestNG.java:77)
</pre></div></td>
<td>10</td>
<td>qa.com.testSuites.RegisterAccountSuite@1d483de4</td></tr>
</table><p>
<table width='100%' border='1' class='invocation-passed'>
<tr><td colspan='4' align='center'><b>PASSED TESTS</b></td></tr>
<tr><td><b>Test method</b></td>
<td width="30%"><b>Exception</b></td>
<td width="10%"><b>Time (seconds)</b></td>
<td><b>Instance</b></td>
</tr>
<tr>
<td title='qa.com.testSuites.RegisterAccountSuite.TC_RF_001_ValidateRegisteringAnAccountByProvidingOnlyMandatoryFields()'><b>TC_RF_001_ValidateRegisteringAnAccountByProvidingOnlyMandatoryFields</b><br>Test class: qa.com.testSuites.RegisterAccountSuite<br>Test method: TC_RF_001_Validate Registering an Account by providing only the Mandatory fields</td>
<td></td>
<td>8</td>
<td>qa.com.testSuites.RegisterAccountSuite@1d483de4</td></tr>
<tr>
<td title='qa.com.testSuites.RegisterAccountSuite.TC_RF_002_ValidateRegisteringAnAccountByProvidingAllfieldsDetails()'><b>TC_RF_002_ValidateRegisteringAnAccountByProvidingAllfieldsDetails</b><br>Test class: qa.com.testSuites.RegisterAccountSuite<br>Test method: TC_RF_002_Validate Registering an Account by providing all the fields</td>
<td></td>
<td>8</td>
<td>qa.com.testSuites.RegisterAccountSuite@1d483de4</td></tr>
<tr>
<td title='qa.com.testSuites.RegisterAccountSuite.TC_RF_003_ValidateProperNotificationMessagesAreDisplayedForTheMandatoryFields()'><b>TC_RF_003_ValidateProperNotificationMessagesAreDisplayedForTheMandatoryFields</b><br>Test class: qa.com.testSuites.RegisterAccountSuite<br>Test method: TC_RF_003_Validate proper notification messages are displayed for the mandatory fields</td>
<td></td>
<td>5</td>
<td>qa.com.testSuites.RegisterAccountSuite@1d483de4</td></tr>
<tr>
<td title='qa.com.testSuites.RegisterAccountSuite.TC_RF_004_ValidateRegisteringAnAccountWhenYesOptionIsSelectedForNewsletterfield()'><b>TC_RF_004_ValidateRegisteringAnAccountWhenYesOptionIsSelectedForNewsletterfield</b><br>Test class: qa.com.testSuites.RegisterAccountSuite<br>Test method: TC_RF_004_Validate Registering an Account when 'Yes' option is selected for Newsletter field</td>
<td></td>
<td>6</td>
<td>qa.com.testSuites.RegisterAccountSuite@1d483de4</td></tr>
<tr>
<td title='qa.com.testSuites.RegisterAccountSuite.TC_RF_005_ValidateRegisteringAnAccountWhenNoOptionIsSelectedForNewsletterfield()'><b>TC_RF_005_ValidateRegisteringAnAccountWhenNoOptionIsSelectedForNewsletterfield</b><br>Test class: qa.com.testSuites.RegisterAccountSuite<br>Test method: TC_RF_005_Validate Registering an Account when 'No' option is selected for Newsletter field</td>
<td></td>
<td>6</td>
<td>qa.com.testSuites.RegisterAccountSuite@1d483de4</td></tr>
<tr>
<td title='qa.com.testSuites.RegisterAccountSuite.TC_RF_006_ValidateDifferentWaysOfNavigatingToRegisterAccountPage()'><b>TC_RF_006_ValidateDifferentWaysOfNavigatingToRegisterAccountPage</b><br>Test class: qa.com.testSuites.RegisterAccountSuite<br>Test method: TC_RF_006_Validate different ways of navigating to 'Register Account' page</td>
<td></td>
<td>2</td>
<td>qa.com.testSuites.RegisterAccountSuite@1d483de4</td></tr>
<tr>
<td title='qa.com.testSuites.RegisterAccountSuite.TC_RF_008_ValidateRegisteringAnAccountByProvidingAnInvalidEmailAddresIntoTheEMailfield()'><b>TC_RF_008_ValidateRegisteringAnAccountByProvidingAnInvalidEmailAddresIntoTheEMailfield</b><br>Test class: qa.com.testSuites.RegisterAccountSuite<br>Test method: TC_RF_008_Validate Registering an Account by providing an invalid email address into the E-Mail field</td>
<td></td>
<td>6</td>
<td>qa.com.testSuites.RegisterAccountSuite@1d483de4</td></tr>
<tr>
<td title='qa.com.testSuites.RegisterAccountSuite.TC_RF_009_ValidateRegisteringAnAccountByUsingKeyboardKeys()'><b>TC_RF_009_ValidateRegisteringAnAccountByUsingKeyboardKeys</b><br>Test class: qa.com.testSuites.RegisterAccountSuite<br>Test method: TC_RF_009_Validate Registering an Account by using the Keyboard keys</td>
<td></td>
<td>4</td>
<td>qa.com.testSuites.RegisterAccountSuite@1d483de4</td></tr>
<tr>
<td title='qa.com.testSuites.RegisterAccountSuite.TC_RF_010_ValidateRegisterAccountFieldsPlacehoders()'><b>TC_RF_010_ValidateRegisterAccountFieldsPlacehoders</b><br>Test class: qa.com.testSuites.RegisterAccountSuite<br>Test method: TC_RF_010_Validate all the fields in the Register Account page have the proper placeholders</td>
<td></td>
<td>2</td>
<td>qa.com.testSuites.RegisterAccountSuite@1d483de4</td></tr>
<tr>
<td title='qa.com.testSuites.RegisterAccountSuite.TC_RF_011_ValidateMandatoryFieldAcceptiongSpacesOnly()'><b>TC_RF_011_ValidateMandatoryFieldAcceptiongSpacesOnly</b><br>Test class: qa.com.testSuites.RegisterAccountSuite<br>Test method: TC_RF_011_Validate whether the Mandatory fields in the Register Account page are accepting only spaces</td>
<td></td>
<td>6</td>
<td>qa.com.testSuites.RegisterAccountSuite@1d483de4</td></tr>
</table><p>
</body>
</html>